Running: D:\Xilinx\14.6\ISE_DS\ISE\bin\nt64\unwrapped\fuse.exe -incremental test.test -L unisims_ver -L unimacro_ver -L xilinxcorelib_ver -L tester=..\..\lib\tester -L test=..\..\lib\tests\base -L reference=..\..\lib\reference -L uut=..\..\lib\uut -o tester.exe 
ISim P.68d (signature 0x7708f090)
Number of CPUs detected in this system: 4
Turning on mult-threading, number of parallel sub-compilation jobs: 8 
Starting static elaboration
Completed static elaboration
Compiling module alu_regfile
Compiling module alu
Compiling module alu_top
Compiling module ref_alu
Compiling module ref_alu_top
Compiling module tester
Compiling module test
Time Resolution for simulation is 1ps.
Waiting for 1 sub-compilation(s) to finish...
WARNING:Simulator - Unable to copy libPortabilityNOSH.dll to the simulation executable directory: boost::filesystem::copy_file: The system cannot find the path specified, "isim\tester.exe.sim\libPortability.dll".
Compiled 7 Verilog Units
Built simulation executable tester.exe
Fuse Memory Usage: 28176 KB
Fuse CPU Usage: 655 ms
